<?xml version="1.0" encoding="UTF-8"?>
<!-- Generated by org.testng.reporters.JUnitReportReporter -->
<testsuite skipped="0" hostname="LM-SJL-11010559" name="testClasses.TestNG_Asserts" tests="1" failures="0" timestamp="24 Feb 2020 04:44:23 GMT" time="0.009" errors="0">
  <testcase name="testMethod1" time="0.009" classname="testClasses.TestNG_Asserts"/>
</testsuite> <!-- testClasses.TestNG_Asserts -->
