<?xml version="1.0" encoding="UTF-8"?>
<!-- Generated by org.testng.reporters.JUnitReportReporter -->
<testsuite skipped="0" hostname="LM-SJL-11010559" name="testClasses.TestNG_TestClass2" tests="1" failures="0" timestamp="24 Feb 2020 05:06:52 GMT" time="0.001" errors="0">
  <testcase name="testMethod" time="0.001" classname="testClasses.TestNG_TestClass2"/>
</testsuite> <!-- testClasses.TestNG_TestClass2 -->
