<?xml version="1.0" encoding="UTF-8"?>
<!-- Generated by org.testng.reporters.JUnitReportReporter -->
<testsuite skipped="1" hostname="LM-SJL-11010559" name="testClasses.TestNG_EnableTimeout" tests="2" failures="0" timestamp="24 Feb 2020 07:51:29 GMT" time="0.111" errors="1">
  <testcase name="test2" time="0.111" classname="testClasses.TestNG_EnableTimeout">
    <error type="org.testng.internal.thread.ThreadTimeoutException" message="Method testClasses.TestNG_EnableTimeout.test2() didn&#039;t finish within the time-out 100">
      <![CDATA[org.testng.internal.thread.ThreadTimeoutException: Method testClasses.TestNG_EnableTimeout.test2() didn't finish within the time-out 100
at org.testng.internal.BaseTestMethod.incrementCurrentInvocationCount(BaseTestMethod.java:678)
at org.testng.internal.InvokeMethodRunnable.runOne(InvokeMethodRunnable.java:69)
at org.testng.internal.InvokeMethodRunnable.run(InvokeMethodRunnable.java:44)
at java.util.concurrent.Executors$RunnableAdapter.call(Executors.java:511)
at java.util.concurrent.FutureTask.run(FutureTask.java:266)
at java.util.concurrent.ThreadPoolExecutor.runWorker(ThreadPoolExecutor.java:1149)
at java.util.concurrent.ThreadPoolExecutor$Worker.run(ThreadPoolExecutor.java:624)
at java.lang.Thread.run(Thread.java:748)
]]>
    </error>
  </testcase> <!-- test2 -->
  <testcase name="test1" classname="testClasses.TestNG_EnableTimeout">
    <skipped/>
  </testcase> <!-- test1 -->
</testsuite> <!-- testClasses.TestNG_EnableTimeout -->
