<?xml version="1.0" encoding="UTF-8"?>
<!-- Generated by org.testng.reporters.JUnitReportReporter -->
<testsuite skipped="0" hostname="LM-SJL-11010559" name="testClasses.TestNG_TestParameters" tests="1" failures="0" timestamp="24 Feb 2020 08:19:43 GMT" time="0.008" errors="0">
  <testcase name="testMethod1" time="0.008" classname="testClasses.TestNG_TestParameters"/>
</testsuite> <!-- testClasses.TestNG_TestParameters -->
