<?xml version="1.0" encoding="UTF-8"?>
<!-- Generated by org.testng.reporters.JUnitReportReporter -->
<testsuite skipped="0" hostname="LM-SJL-11010559" name="testClasses.TestNG_TestParallel2" tests="2" failures="0" timestamp="24 Feb 2020 08:34:16 GMT" time="10.015" errors="0">
  <testcase name="testMethod1" time="5.012" classname="testClasses.TestNG_TestParallel2"/>
  <testcase name="testMethod2" time="5.003" classname="testClasses.TestNG_TestParallel2"/>
</testsuite> <!-- testClasses.TestNG_TestParallel2 -->
