<?xml version="1.0" encoding="UTF-8"?>
<!-- Generated by org.testng.reporters.JUnitReportReporter -->
<testsuite skipped="0" hostname="LM-SJL-11010559" name="testClasses.TestNG_DataProviders2" tests="2" failures="0" timestamp="24 Feb 2020 08:50:28 GMT" time="0.010" errors="0">
  <testcase name="testMethod" time="0.002" classname="testClasses.TestNG_DataProviders2"/>
  <testcase name="testMethod" time="0.008" classname="testClasses.TestNG_DataProviders2"/>
</testsuite> <!-- testClasses.TestNG_DataProviders2 -->
