<?xml version="1.0" encoding="UTF-8"?>
<!-- Generated by org.testng.reporters.JUnitReportReporter -->
<testsuite skipped="0" hostname="LM-SJL-11010559" name="testClasses.TestAnnotation" tests="3" failures="0" timestamp="24 Feb 2020 04:39:34 GMT" time="0.014" errors="0">
  <testcase name="testMethod2" time="0.001" classname="testClasses.TestAnnotation"/>
  <testcase name="testMethod1" time="0.011" classname="testClasses.TestAnnotation"/>
  <testcase name="testMethod3" time="0.002" classname="testClasses.TestAnnotation"/>
</testsuite> <!-- testClasses.TestAnnotation -->
