<?xml version="1.0" encoding="UTF-8"?>
<!-- Generated by org.testng.reporters.JUnitReportReporter -->
<testsuite skipped="0" hostname="LM-SJL-11010559" name="testClasses.TestNg_BeforeClassAnnotations" tests="2" failures="0" timestamp="24 Feb 2020 04:57:45 GMT" time="0.008" errors="0">
  <testcase name="testMethod1" time="0.006" classname="testClasses.TestNg_BeforeClassAnnotations"/>
  <testcase name="testMethod2" time="0.002" classname="testClasses.TestNg_BeforeClassAnnotations"/>
</testsuite> <!-- testClasses.TestNg_BeforeClassAnnotations -->
